2019-05-07 01:34:46.679+0000 INFO [o.n.k.i.s.f.RecordFormatSelector] Record format not configured, selected default: RecordFormat:StandardV3_4[v0.A.9]
2019-05-07 01:34:51.433+0000 INFO [o.n.k.i.s.DynamicArrayStore] Rebuilding id generator for[F:\陶士来文件\tsl_python_project\graph_db\datas\movies_series\graph.db\neostore.nodestore.db.labels] ...
2019-05-07 01:34:51.510+0000 INFO [o.n.k.i.s.DynamicArrayStore] [F:\陶士来文件\tsl_python_project\graph_db\datas\movies_series\graph.db\neostore.nodestore.db.labels] high id=1 (defragged=0)
2019-05-07 01:34:51.511+0000 INFO [o.n.k.i.s.DynamicArrayStore] F:\陶士来文件\tsl_python_project\graph_db\datas\movies_series\graph.db\neostore.nodestore.db.labels rebuild id generator, highId=1 defragged count=0
2019-05-07 01:34:51.511+0000 INFO [o.n.k.i.s.NodeStore] Rebuilding id generator for[F:\陶士来文件\tsl_python_project\graph_db\datas\movies_series\graph.db\neostore.nodestore.db] ...
2019-05-07 01:34:51.588+0000 INFO [o.n.k.i.s.NodeStore] [F:\陶士来文件\tsl_python_project\graph_db\datas\movies_series\graph.db\neostore.nodestore.db] high id=0 (defragged=0)
2019-05-07 01:34:51.588+0000 INFO [o.n.k.i.s.NodeStore] F:\陶士来文件\tsl_python_project\graph_db\datas\movies_series\graph.db\neostore.nodestore.db rebuild id generator, highId=0 defragged count=0
2019-05-07 01:34:51.589+0000 INFO [o.n.k.i.s.DynamicStringStore] Rebuilding id generator for[F:\陶士来文件\tsl_python_project\graph_db\datas\movies_series\graph.db\neostore.propertystore.db.index.keys] ...
2019-05-07 01:34:51.654+0000 INFO [o.n.k.i.s.DynamicStringStore] [F:\陶士来文件\tsl_python_project\graph_db\datas\movies_series\graph.db\neostore.propertystore.db.index.keys] high id=1 (defragged=0)
2019-05-07 01:34:51.655+0000 INFO [o.n.k.i.s.DynamicStringStore] F:\陶士来文件\tsl_python_project\graph_db\datas\movies_series\graph.db\neostore.propertystore.db.index.keys rebuild id generator, highId=1 defragged count=0
2019-05-07 01:34:51.655+0000 INFO [o.n.k.i.s.PropertyKeyTokenStore] Rebuilding id generator for[F:\陶士来文件\tsl_python_project\graph_db\datas\movies_series\graph.db\neostore.propertystore.db.index] ...
2019-05-07 01:34:51.720+0000 INFO [o.n.k.i.s.PropertyKeyTokenStore] [F:\陶士来文件\tsl_python_project\graph_db\datas\movies_series\graph.db\neostore.propertystore.db.index] high id=0 (defragged=0)
2019-05-07 01:34:51.720+0000 INFO [o.n.k.i.s.PropertyKeyTokenStore] F:\陶士来文件\tsl_python_project\graph_db\datas\movies_series\graph.db\neostore.propertystore.db.index rebuild id generator, highId=0 defragged count=0
2019-05-07 01:34:51.787+0000 INFO [o.n.k.i.s.DynamicStringStore] Rebuilding id generator for[F:\陶士来文件\tsl_python_project\graph_db\datas\movies_series\graph.db\neostore.propertystore.db.strings] ...
2019-05-07 01:34:51.854+0000 INFO [o.n.k.i.s.DynamicStringStore] [F:\陶士来文件\tsl_python_project\graph_db\datas\movies_series\graph.db\neostore.propertystore.db.strings] high id=1 (defragged=0)
2019-05-07 01:34:51.854+0000 INFO [o.n.k.i.s.DynamicStringStore] F:\陶士来文件\tsl_python_project\graph_db\datas\movies_series\graph.db\neostore.propertystore.db.strings rebuild id generator, highId=1 defragged count=0
2019-05-07 01:34:51.855+0000 INFO [o.n.k.i.s.DynamicArrayStore] Rebuilding id generator for[F:\陶士来文件\tsl_python_project\graph_db\datas\movies_series\graph.db\neostore.propertystore.db.arrays] ...
2019-05-07 01:34:51.921+0000 INFO [o.n.k.i.s.DynamicArrayStore] [F:\陶士来文件\tsl_python_project\graph_db\datas\movies_series\graph.db\neostore.propertystore.db.arrays] high id=1 (defragged=0)
2019-05-07 01:34:51.921+0000 INFO [o.n.k.i.s.DynamicArrayStore] F:\陶士来文件\tsl_python_project\graph_db\datas\movies_series\graph.db\neostore.propertystore.db.arrays rebuild id generator, highId=1 defragged count=0
2019-05-07 01:34:51.921+0000 INFO [o.n.k.i.s.PropertyStore] Rebuilding id generator for[F:\陶士来文件\tsl_python_project\graph_db\datas\movies_series\graph.db\neostore.propertystore.db] ...
2019-05-07 01:34:51.988+0000 INFO [o.n.k.i.s.PropertyStore] [F:\陶士来文件\tsl_python_project\graph_db\datas\movies_series\graph.db\neostore.propertystore.db] high id=0 (defragged=0)
2019-05-07 01:34:51.988+0000 INFO [o.n.k.i.s.PropertyStore] F:\陶士来文件\tsl_python_project\graph_db\datas\movies_series\graph.db\neostore.propertystore.db rebuild id generator, highId=0 defragged count=0
2019-05-07 01:34:51.988+0000 INFO [o.n.k.i.s.RelationshipStore] Rebuilding id generator for[F:\陶士来文件\tsl_python_project\graph_db\datas\movies_series\graph.db\neostore.relationshipstore.db] ...
2019-05-07 01:34:52.077+0000 INFO [o.n.k.i.s.RelationshipStore] [F:\陶士来文件\tsl_python_project\graph_db\datas\movies_series\graph.db\neostore.relationshipstore.db] high id=0 (defragged=0)
2019-05-07 01:34:52.077+0000 INFO [o.n.k.i.s.RelationshipStore] F:\陶士来文件\tsl_python_project\graph_db\datas\movies_series\graph.db\neostore.relationshipstore.db rebuild id generator, highId=0 defragged count=0
2019-05-07 01:34:52.078+0000 INFO [o.n.k.i.s.DynamicStringStore] Rebuilding id generator for[F:\陶士来文件\tsl_python_project\graph_db\datas\movies_series\graph.db\neostore.relationshiptypestore.db.names] ...
2019-05-07 01:34:52.259+0000 INFO [o.n.k.i.s.DynamicStringStore] [F:\陶士来文件\tsl_python_project\graph_db\datas\movies_series\graph.db\neostore.relationshiptypestore.db.names] high id=1 (defragged=0)
2019-05-07 01:34:52.259+0000 INFO [o.n.k.i.s.DynamicStringStore] F:\陶士来文件\tsl_python_project\graph_db\datas\movies_series\graph.db\neostore.relationshiptypestore.db.names rebuild id generator, highId=1 defragged count=0
2019-05-07 01:34:52.259+0000 INFO [o.n.k.i.s.RelationshipTypeTokenStore] Rebuilding id generator for[F:\陶士来文件\tsl_python_project\graph_db\datas\movies_series\graph.db\neostore.relationshiptypestore.db] ...
2019-05-07 01:34:52.344+0000 INFO [o.n.k.i.s.RelationshipTypeTokenStore] [F:\陶士来文件\tsl_python_project\graph_db\datas\movies_series\graph.db\neostore.relationshiptypestore.db] high id=0 (defragged=0)
2019-05-07 01:34:52.344+0000 INFO [o.n.k.i.s.RelationshipTypeTokenStore] F:\陶士来文件\tsl_python_project\graph_db\datas\movies_series\graph.db\neostore.relationshiptypestore.db rebuild id generator, highId=0 defragged count=0
2019-05-07 01:34:52.410+0000 INFO [o.n.k.i.s.DynamicStringStore] Rebuilding id generator for[F:\陶士来文件\tsl_python_project\graph_db\datas\movies_series\graph.db\neostore.labeltokenstore.db.names] ...
2019-05-07 01:34:52.476+0000 INFO [o.n.k.i.s.DynamicStringStore] [F:\陶士来文件\tsl_python_project\graph_db\datas\movies_series\graph.db\neostore.labeltokenstore.db.names] high id=1 (defragged=0)
2019-05-07 01:34:52.476+0000 INFO [o.n.k.i.s.DynamicStringStore] F:\陶士来文件\tsl_python_project\graph_db\datas\movies_series\graph.db\neostore.labeltokenstore.db.names rebuild id generator, highId=1 defragged count=0
2019-05-07 01:34:52.476+0000 INFO [o.n.k.i.s.LabelTokenStore] Rebuilding id generator for[F:\陶士来文件\tsl_python_project\graph_db\datas\movies_series\graph.db\neostore.labeltokenstore.db] ...
2019-05-07 01:34:52.543+0000 INFO [o.n.k.i.s.LabelTokenStore] [F:\陶士来文件\tsl_python_project\graph_db\datas\movies_series\graph.db\neostore.labeltokenstore.db] high id=0 (defragged=0)
2019-05-07 01:34:52.543+0000 INFO [o.n.k.i.s.LabelTokenStore] F:\陶士来文件\tsl_python_project\graph_db\datas\movies_series\graph.db\neostore.labeltokenstore.db rebuild id generator, highId=0 defragged count=0
2019-05-07 01:34:52.610+0000 INFO [o.n.k.i.s.SchemaStore] Rebuilding id generator for[F:\陶士来文件\tsl_python_project\graph_db\datas\movies_series\graph.db\neostore.schemastore.db] ...
2019-05-07 01:34:52.678+0000 INFO [o.n.k.i.s.SchemaStore] [F:\陶士来文件\tsl_python_project\graph_db\datas\movies_series\graph.db\neostore.schemastore.db] high id=1 (defragged=0)
2019-05-07 01:34:52.678+0000 INFO [o.n.k.i.s.SchemaStore] F:\陶士来文件\tsl_python_project\graph_db\datas\movies_series\graph.db\neostore.schemastore.db rebuild id generator, highId=1 defragged count=0
2019-05-07 01:34:52.678+0000 INFO [o.n.k.i.s.RelationshipGroupStore] Rebuilding id generator for[F:\陶士来文件\tsl_python_project\graph_db\datas\movies_series\graph.db\neostore.relationshipgroupstore.db] ...
2019-05-07 01:34:52.745+0000 INFO [o.n.k.i.s.RelationshipGroupStore] [F:\陶士来文件\tsl_python_project\graph_db\datas\movies_series\graph.db\neostore.relationshipgroupstore.db] high id=1 (defragged=0)
2019-05-07 01:34:52.745+0000 INFO [o.n.k.i.s.RelationshipGroupStore] F:\陶士来文件\tsl_python_project\graph_db\datas\movies_series\graph.db\neostore.relationshipgroupstore.db rebuild id generator, highId=1 defragged count=0
2019-05-07 01:34:52.746+0000 INFO [o.n.k.i.s.MetaDataStore] Rebuilding id generator for[F:\陶士来文件\tsl_python_project\graph_db\datas\movies_series\graph.db\neostore] ...
2019-05-07 01:34:52.811+0000 INFO [o.n.k.i.s.MetaDataStore] [F:\陶士来文件\tsl_python_project\graph_db\datas\movies_series\graph.db\neostore] high id=15 (defragged=0)
2019-05-07 01:34:52.811+0000 INFO [o.n.k.i.s.MetaDataStore] F:\陶士来文件\tsl_python_project\graph_db\datas\movies_series\graph.db\neostore rebuild id generator, highId=15 defragged count=0
2019-05-07 01:34:52.811+0000 INFO [o.n.k.i.s.DynamicStringStore] Rebuilding id generator for[F:\陶士来文件\tsl_python_project\graph_db\datas\movies_series\graph.db\temp.db\temp.db\neostore.propertystore.db.index.keys] ...
2019-05-07 01:34:52.877+0000 INFO [o.n.k.i.s.DynamicStringStore] [F:\陶士来文件\tsl_python_project\graph_db\datas\movies_series\graph.db\temp.db\temp.db\neostore.propertystore.db.index.keys] high id=1 (defragged=0)
2019-05-07 01:34:52.877+0000 INFO [o.n.k.i.s.DynamicStringStore] F:\陶士来文件\tsl_python_project\graph_db\datas\movies_series\graph.db\temp.db\temp.db\neostore.propertystore.db.index.keys rebuild id generator, highId=1 defragged count=0
2019-05-07 01:34:52.877+0000 INFO [o.n.k.i.s.PropertyKeyTokenStore] Rebuilding id generator for[F:\陶士来文件\tsl_python_project\graph_db\datas\movies_series\graph.db\temp.db\temp.db\neostore.propertystore.db.index] ...
2019-05-07 01:34:52.944+0000 INFO [o.n.k.i.s.PropertyKeyTokenStore] [F:\陶士来文件\tsl_python_project\graph_db\datas\movies_series\graph.db\temp.db\temp.db\neostore.propertystore.db.index] high id=0 (defragged=0)
2019-05-07 01:34:52.944+0000 INFO [o.n.k.i.s.PropertyKeyTokenStore] F:\陶士来文件\tsl_python_project\graph_db\datas\movies_series\graph.db\temp.db\temp.db\neostore.propertystore.db.index rebuild id generator, highId=0 defragged count=0
2019-05-07 01:34:53.010+0000 INFO [o.n.k.i.s.DynamicStringStore] Rebuilding id generator for[F:\陶士来文件\tsl_python_project\graph_db\datas\movies_series\graph.db\temp.db\temp.db\neostore.propertystore.db.strings] ...
2019-05-07 01:34:53.088+0000 INFO [o.n.k.i.s.DynamicStringStore] [F:\陶士来文件\tsl_python_project\graph_db\datas\movies_series\graph.db\temp.db\temp.db\neostore.propertystore.db.strings] high id=1 (defragged=0)
2019-05-07 01:34:53.089+0000 INFO [o.n.k.i.s.DynamicStringStore] F:\陶士来文件\tsl_python_project\graph_db\datas\movies_series\graph.db\temp.db\temp.db\neostore.propertystore.db.strings rebuild id generator, highId=1 defragged count=0
2019-05-07 01:34:53.089+0000 INFO [o.n.k.i.s.DynamicArrayStore] Rebuilding id generator for[F:\陶士来文件\tsl_python_project\graph_db\datas\movies_series\graph.db\temp.db\temp.db\neostore.propertystore.db.arrays] ...
2019-05-07 01:34:53.154+0000 INFO [o.n.k.i.s.DynamicArrayStore] [F:\陶士来文件\tsl_python_project\graph_db\datas\movies_series\graph.db\temp.db\temp.db\neostore.propertystore.db.arrays] high id=1 (defragged=0)
2019-05-07 01:34:53.154+0000 INFO [o.n.k.i.s.DynamicArrayStore] F:\陶士来文件\tsl_python_project\graph_db\datas\movies_series\graph.db\temp.db\temp.db\neostore.propertystore.db.arrays rebuild id generator, highId=1 defragged count=0
2019-05-07 01:34:53.154+0000 INFO [o.n.k.i.s.PropertyStore] Rebuilding id generator for[F:\陶士来文件\tsl_python_project\graph_db\datas\movies_series\graph.db\temp.db\temp.db\neostore.propertystore.db] ...
2019-05-07 01:34:53.221+0000 INFO [o.n.k.i.s.PropertyStore] [F:\陶士来文件\tsl_python_project\graph_db\datas\movies_series\graph.db\temp.db\temp.db\neostore.propertystore.db] high id=0 (defragged=0)
2019-05-07 01:34:53.221+0000 INFO [o.n.k.i.s.PropertyStore] F:\陶士来文件\tsl_python_project\graph_db\datas\movies_series\graph.db\temp.db\temp.db\neostore.propertystore.db rebuild id generator, highId=0 defragged count=0
2019-05-07 01:34:53.221+0000 INFO [o.n.k.i.s.RelationshipGroupStore] Rebuilding id generator for[F:\陶士来文件\tsl_python_project\graph_db\datas\movies_series\graph.db\temp.db\temp.db\neostore.relationshipgroupstore.db] ...
2019-05-07 01:34:53.432+0000 INFO [o.n.k.i.s.RelationshipGroupStore] [F:\陶士来文件\tsl_python_project\graph_db\datas\movies_series\graph.db\temp.db\temp.db\neostore.relationshipgroupstore.db] high id=1 (defragged=0)
2019-05-07 01:34:53.432+0000 INFO [o.n.k.i.s.RelationshipGroupStore] F:\陶士来文件\tsl_python_project\graph_db\datas\movies_series\graph.db\temp.db\temp.db\neostore.relationshipgroupstore.db rebuild id generator, highId=1 defragged count=0
2019-05-07 01:34:53.457+0000 WARN [o.n.k.i.s.MetaDataStore] Missing counts store, rebuilding it.
2019-05-07 01:34:53.479+0000 WARN [o.n.k.i.s.MetaDataStore] Counts store rebuild completed.
2019-05-07 01:34:53.496+0000 INFO [o.n.u.i.b.ImportLogic] Import starting
2019-05-07 01:34:55.354+0000 INFO [o.n.k.i.s.c.CountsTracker] Rotated counts store at transaction 1 to [F:\陶士来文件\tsl_python_project\graph_db\datas\movies_series\graph.db\neostore.counts.db.b], from [F:\陶士来文件\tsl_python_project\graph_db\datas\movies_series\graph.db\neostore.counts.db.a].
2019-05-07 01:34:55.453+0000 INFO [o.n.u.i.b.ImportLogic] Import completed successfully, took 1s 889ms. Imported:
  11 nodes
  12 relationships
  26 properties
