2019-05-07 01:39:31.032+0000 INFO [o.n.k.i.s.f.RecordFormatSelector] Record format not configured, selected default: RecordFormat:StandardV3_4[v0.A.9]
2019-05-07 01:39:36.032+0000 INFO [o.n.k.i.s.DynamicArrayStore] Rebuilding id generator for[F:\陶士来文件\tsl_python_project\graph_db\datas\movies_series\graph.db\neostore.nodestore.db.labels] ...
2019-05-07 01:39:36.096+0000 INFO [o.n.k.i.s.DynamicArrayStore] [F:\陶士来文件\tsl_python_project\graph_db\datas\movies_series\graph.db\neostore.nodestore.db.labels] high id=1 (defragged=0)
2019-05-07 01:39:36.096+0000 INFO [o.n.k.i.s.DynamicArrayStore] F:\陶士来文件\tsl_python_project\graph_db\datas\movies_series\graph.db\neostore.nodestore.db.labels rebuild id generator, highId=1 defragged count=0
2019-05-07 01:39:36.097+0000 INFO [o.n.k.i.s.NodeStore] Rebuilding id generator for[F:\陶士来文件\tsl_python_project\graph_db\datas\movies_series\graph.db\neostore.nodestore.db] ...
2019-05-07 01:39:36.173+0000 INFO [o.n.k.i.s.NodeStore] [F:\陶士来文件\tsl_python_project\graph_db\datas\movies_series\graph.db\neostore.nodestore.db] high id=0 (defragged=0)
2019-05-07 01:39:36.173+0000 INFO [o.n.k.i.s.NodeStore] F:\陶士来文件\tsl_python_project\graph_db\datas\movies_series\graph.db\neostore.nodestore.db rebuild id generator, highId=0 defragged count=0
2019-05-07 01:39:36.173+0000 INFO [o.n.k.i.s.DynamicStringStore] Rebuilding id generator for[F:\陶士来文件\tsl_python_project\graph_db\datas\movies_series\graph.db\neostore.propertystore.db.index.keys] ...
2019-05-07 01:39:36.240+0000 INFO [o.n.k.i.s.DynamicStringStore] [F:\陶士来文件\tsl_python_project\graph_db\datas\movies_series\graph.db\neostore.propertystore.db.index.keys] high id=1 (defragged=0)
2019-05-07 01:39:36.240+0000 INFO [o.n.k.i.s.DynamicStringStore] F:\陶士来文件\tsl_python_project\graph_db\datas\movies_series\graph.db\neostore.propertystore.db.index.keys rebuild id generator, highId=1 defragged count=0
2019-05-07 01:39:36.240+0000 INFO [o.n.k.i.s.PropertyKeyTokenStore] Rebuilding id generator for[F:\陶士来文件\tsl_python_project\graph_db\datas\movies_series\graph.db\neostore.propertystore.db.index] ...
2019-05-07 01:39:36.307+0000 INFO [o.n.k.i.s.PropertyKeyTokenStore] [F:\陶士来文件\tsl_python_project\graph_db\datas\movies_series\graph.db\neostore.propertystore.db.index] high id=0 (defragged=0)
2019-05-07 01:39:36.307+0000 INFO [o.n.k.i.s.PropertyKeyTokenStore] F:\陶士来文件\tsl_python_project\graph_db\datas\movies_series\graph.db\neostore.propertystore.db.index rebuild id generator, highId=0 defragged count=0
2019-05-07 01:39:36.373+0000 INFO [o.n.k.i.s.DynamicStringStore] Rebuilding id generator for[F:\陶士来文件\tsl_python_project\graph_db\datas\movies_series\graph.db\neostore.propertystore.db.strings] ...
2019-05-07 01:39:36.440+0000 INFO [o.n.k.i.s.DynamicStringStore] [F:\陶士来文件\tsl_python_project\graph_db\datas\movies_series\graph.db\neostore.propertystore.db.strings] high id=1 (defragged=0)
2019-05-07 01:39:36.440+0000 INFO [o.n.k.i.s.DynamicStringStore] F:\陶士来文件\tsl_python_project\graph_db\datas\movies_series\graph.db\neostore.propertystore.db.strings rebuild id generator, highId=1 defragged count=0
2019-05-07 01:39:36.440+0000 INFO [o.n.k.i.s.DynamicArrayStore] Rebuilding id generator for[F:\陶士来文件\tsl_python_project\graph_db\datas\movies_series\graph.db\neostore.propertystore.db.arrays] ...
2019-05-07 01:39:36.595+0000 INFO [o.n.k.i.s.DynamicArrayStore] [F:\陶士来文件\tsl_python_project\graph_db\datas\movies_series\graph.db\neostore.propertystore.db.arrays] high id=1 (defragged=0)
2019-05-07 01:39:36.595+0000 INFO [o.n.k.i.s.DynamicArrayStore] F:\陶士来文件\tsl_python_project\graph_db\datas\movies_series\graph.db\neostore.propertystore.db.arrays rebuild id generator, highId=1 defragged count=0
2019-05-07 01:39:36.595+0000 INFO [o.n.k.i.s.PropertyStore] Rebuilding id generator for[F:\陶士来文件\tsl_python_project\graph_db\datas\movies_series\graph.db\neostore.propertystore.db] ...
2019-05-07 01:39:36.662+0000 INFO [o.n.k.i.s.PropertyStore] [F:\陶士来文件\tsl_python_project\graph_db\datas\movies_series\graph.db\neostore.propertystore.db] high id=0 (defragged=0)
2019-05-07 01:39:36.663+0000 INFO [o.n.k.i.s.PropertyStore] F:\陶士来文件\tsl_python_project\graph_db\datas\movies_series\graph.db\neostore.propertystore.db rebuild id generator, highId=0 defragged count=0
2019-05-07 01:39:36.663+0000 INFO [o.n.k.i.s.RelationshipStore] Rebuilding id generator for[F:\陶士来文件\tsl_python_project\graph_db\datas\movies_series\graph.db\neostore.relationshipstore.db] ...
2019-05-07 01:39:36.729+0000 INFO [o.n.k.i.s.RelationshipStore] [F:\陶士来文件\tsl_python_project\graph_db\datas\movies_series\graph.db\neostore.relationshipstore.db] high id=0 (defragged=0)
2019-05-07 01:39:36.729+0000 INFO [o.n.k.i.s.RelationshipStore] F:\陶士来文件\tsl_python_project\graph_db\datas\movies_series\graph.db\neostore.relationshipstore.db rebuild id generator, highId=0 defragged count=0
2019-05-07 01:39:36.729+0000 INFO [o.n.k.i.s.DynamicStringStore] Rebuilding id generator for[F:\陶士来文件\tsl_python_project\graph_db\datas\movies_series\graph.db\neostore.relationshiptypestore.db.names] ...
2019-05-07 01:39:36.796+0000 INFO [o.n.k.i.s.DynamicStringStore] [F:\陶士来文件\tsl_python_project\graph_db\datas\movies_series\graph.db\neostore.relationshiptypestore.db.names] high id=1 (defragged=0)
2019-05-07 01:39:36.796+0000 INFO [o.n.k.i.s.DynamicStringStore] F:\陶士来文件\tsl_python_project\graph_db\datas\movies_series\graph.db\neostore.relationshiptypestore.db.names rebuild id generator, highId=1 defragged count=0
2019-05-07 01:39:36.797+0000 INFO [o.n.k.i.s.RelationshipTypeTokenStore] Rebuilding id generator for[F:\陶士来文件\tsl_python_project\graph_db\datas\movies_series\graph.db\neostore.relationshiptypestore.db] ...
2019-05-07 01:39:36.862+0000 INFO [o.n.k.i.s.RelationshipTypeTokenStore] [F:\陶士来文件\tsl_python_project\graph_db\datas\movies_series\graph.db\neostore.relationshiptypestore.db] high id=0 (defragged=0)
2019-05-07 01:39:36.862+0000 INFO [o.n.k.i.s.RelationshipTypeTokenStore] F:\陶士来文件\tsl_python_project\graph_db\datas\movies_series\graph.db\neostore.relationshiptypestore.db rebuild id generator, highId=0 defragged count=0
2019-05-07 01:39:36.929+0000 INFO [o.n.k.i.s.DynamicStringStore] Rebuilding id generator for[F:\陶士来文件\tsl_python_project\graph_db\datas\movies_series\graph.db\neostore.labeltokenstore.db.names] ...
2019-05-07 01:39:36.996+0000 INFO [o.n.k.i.s.DynamicStringStore] [F:\陶士来文件\tsl_python_project\graph_db\datas\movies_series\graph.db\neostore.labeltokenstore.db.names] high id=1 (defragged=0)
2019-05-07 01:39:36.996+0000 INFO [o.n.k.i.s.DynamicStringStore] F:\陶士来文件\tsl_python_project\graph_db\datas\movies_series\graph.db\neostore.labeltokenstore.db.names rebuild id generator, highId=1 defragged count=0
2019-05-07 01:39:36.996+0000 INFO [o.n.k.i.s.LabelTokenStore] Rebuilding id generator for[F:\陶士来文件\tsl_python_project\graph_db\datas\movies_series\graph.db\neostore.labeltokenstore.db] ...
2019-05-07 01:39:37.062+0000 INFO [o.n.k.i.s.LabelTokenStore] [F:\陶士来文件\tsl_python_project\graph_db\datas\movies_series\graph.db\neostore.labeltokenstore.db] high id=0 (defragged=0)
2019-05-07 01:39:37.062+0000 INFO [o.n.k.i.s.LabelTokenStore] F:\陶士来文件\tsl_python_project\graph_db\datas\movies_series\graph.db\neostore.labeltokenstore.db rebuild id generator, highId=0 defragged count=0
2019-05-07 01:39:37.128+0000 INFO [o.n.k.i.s.SchemaStore] Rebuilding id generator for[F:\陶士来文件\tsl_python_project\graph_db\datas\movies_series\graph.db\neostore.schemastore.db] ...
2019-05-07 01:39:37.196+0000 INFO [o.n.k.i.s.SchemaStore] [F:\陶士来文件\tsl_python_project\graph_db\datas\movies_series\graph.db\neostore.schemastore.db] high id=1 (defragged=0)
2019-05-07 01:39:37.196+0000 INFO [o.n.k.i.s.SchemaStore] F:\陶士来文件\tsl_python_project\graph_db\datas\movies_series\graph.db\neostore.schemastore.db rebuild id generator, highId=1 defragged count=0
2019-05-07 01:39:37.196+0000 INFO [o.n.k.i.s.RelationshipGroupStore] Rebuilding id generator for[F:\陶士来文件\tsl_python_project\graph_db\datas\movies_series\graph.db\neostore.relationshipgroupstore.db] ...
2019-05-07 01:39:37.263+0000 INFO [o.n.k.i.s.RelationshipGroupStore] [F:\陶士来文件\tsl_python_project\graph_db\datas\movies_series\graph.db\neostore.relationshipgroupstore.db] high id=1 (defragged=0)
2019-05-07 01:39:37.263+0000 INFO [o.n.k.i.s.RelationshipGroupStore] F:\陶士来文件\tsl_python_project\graph_db\datas\movies_series\graph.db\neostore.relationshipgroupstore.db rebuild id generator, highId=1 defragged count=0
2019-05-07 01:39:37.264+0000 INFO [o.n.k.i.s.MetaDataStore] Rebuilding id generator for[F:\陶士来文件\tsl_python_project\graph_db\datas\movies_series\graph.db\neostore] ...
2019-05-07 01:39:37.329+0000 INFO [o.n.k.i.s.MetaDataStore] [F:\陶士来文件\tsl_python_project\graph_db\datas\movies_series\graph.db\neostore] high id=15 (defragged=0)
2019-05-07 01:39:37.329+0000 INFO [o.n.k.i.s.MetaDataStore] F:\陶士来文件\tsl_python_project\graph_db\datas\movies_series\graph.db\neostore rebuild id generator, highId=15 defragged count=0
2019-05-07 01:39:37.329+0000 INFO [o.n.k.i.s.DynamicStringStore] Rebuilding id generator for[F:\陶士来文件\tsl_python_project\graph_db\datas\movies_series\graph.db\temp.db\temp.db\neostore.propertystore.db.index.keys] ...
2019-05-07 01:39:37.396+0000 INFO [o.n.k.i.s.DynamicStringStore] [F:\陶士来文件\tsl_python_project\graph_db\datas\movies_series\graph.db\temp.db\temp.db\neostore.propertystore.db.index.keys] high id=1 (defragged=0)
2019-05-07 01:39:37.396+0000 INFO [o.n.k.i.s.DynamicStringStore] F:\陶士来文件\tsl_python_project\graph_db\datas\movies_series\graph.db\temp.db\temp.db\neostore.propertystore.db.index.keys rebuild id generator, highId=1 defragged count=0
2019-05-07 01:39:37.396+0000 INFO [o.n.k.i.s.PropertyKeyTokenStore] Rebuilding id generator for[F:\陶士来文件\tsl_python_project\graph_db\datas\movies_series\graph.db\temp.db\temp.db\neostore.propertystore.db.index] ...
2019-05-07 01:39:37.463+0000 INFO [o.n.k.i.s.PropertyKeyTokenStore] [F:\陶士来文件\tsl_python_project\graph_db\datas\movies_series\graph.db\temp.db\temp.db\neostore.propertystore.db.index] high id=0 (defragged=0)
2019-05-07 01:39:37.463+0000 INFO [o.n.k.i.s.PropertyKeyTokenStore] F:\陶士来文件\tsl_python_project\graph_db\datas\movies_series\graph.db\temp.db\temp.db\neostore.propertystore.db.index rebuild id generator, highId=0 defragged count=0
2019-05-07 01:39:37.529+0000 INFO [o.n.k.i.s.DynamicStringStore] Rebuilding id generator for[F:\陶士来文件\tsl_python_project\graph_db\datas\movies_series\graph.db\temp.db\temp.db\neostore.propertystore.db.strings] ...
2019-05-07 01:39:37.596+0000 INFO [o.n.k.i.s.DynamicStringStore] [F:\陶士来文件\tsl_python_project\graph_db\datas\movies_series\graph.db\temp.db\temp.db\neostore.propertystore.db.strings] high id=1 (defragged=0)
2019-05-07 01:39:37.596+0000 INFO [o.n.k.i.s.DynamicStringStore] F:\陶士来文件\tsl_python_project\graph_db\datas\movies_series\graph.db\temp.db\temp.db\neostore.propertystore.db.strings rebuild id generator, highId=1 defragged count=0
2019-05-07 01:39:37.596+0000 INFO [o.n.k.i.s.DynamicArrayStore] Rebuilding id generator for[F:\陶士来文件\tsl_python_project\graph_db\datas\movies_series\graph.db\temp.db\temp.db\neostore.propertystore.db.arrays] ...
2019-05-07 01:39:37.663+0000 INFO [o.n.k.i.s.DynamicArrayStore] [F:\陶士来文件\tsl_python_project\graph_db\datas\movies_series\graph.db\temp.db\temp.db\neostore.propertystore.db.arrays] high id=1 (defragged=0)
2019-05-07 01:39:37.663+0000 INFO [o.n.k.i.s.DynamicArrayStore] F:\陶士来文件\tsl_python_project\graph_db\datas\movies_series\graph.db\temp.db\temp.db\neostore.propertystore.db.arrays rebuild id generator, highId=1 defragged count=0
2019-05-07 01:39:37.663+0000 INFO [o.n.k.i.s.PropertyStore] Rebuilding id generator for[F:\陶士来文件\tsl_python_project\graph_db\datas\movies_series\graph.db\temp.db\temp.db\neostore.propertystore.db] ...
2019-05-07 01:39:37.729+0000 INFO [o.n.k.i.s.PropertyStore] [F:\陶士来文件\tsl_python_project\graph_db\datas\movies_series\graph.db\temp.db\temp.db\neostore.propertystore.db] high id=0 (defragged=0)
2019-05-07 01:39:37.729+0000 INFO [o.n.k.i.s.PropertyStore] F:\陶士来文件\tsl_python_project\graph_db\datas\movies_series\graph.db\temp.db\temp.db\neostore.propertystore.db rebuild id generator, highId=0 defragged count=0
2019-05-07 01:39:37.729+0000 INFO [o.n.k.i.s.RelationshipGroupStore] Rebuilding id generator for[F:\陶士来文件\tsl_python_project\graph_db\datas\movies_series\graph.db\temp.db\temp.db\neostore.relationshipgroupstore.db] ...
2019-05-07 01:39:37.796+0000 INFO [o.n.k.i.s.RelationshipGroupStore] [F:\陶士来文件\tsl_python_project\graph_db\datas\movies_series\graph.db\temp.db\temp.db\neostore.relationshipgroupstore.db] high id=1 (defragged=0)
2019-05-07 01:39:37.796+0000 INFO [o.n.k.i.s.RelationshipGroupStore] F:\陶士来文件\tsl_python_project\graph_db\datas\movies_series\graph.db\temp.db\temp.db\neostore.relationshipgroupstore.db rebuild id generator, highId=1 defragged count=0
2019-05-07 01:39:37.825+0000 WARN [o.n.k.i.s.MetaDataStore] Missing counts store, rebuilding it.
2019-05-07 01:39:37.843+0000 WARN [o.n.k.i.s.MetaDataStore] Counts store rebuild completed.
2019-05-07 01:39:37.852+0000 INFO [o.n.u.i.b.ImportLogic] Import starting
2019-05-07 01:39:39.877+0000 INFO [o.n.k.i.s.c.CountsTracker] Rotated counts store at transaction 1 to [F:\陶士来文件\tsl_python_project\graph_db\datas\movies_series\graph.db\neostore.counts.db.b], from [F:\陶士来文件\tsl_python_project\graph_db\datas\movies_series\graph.db\neostore.counts.db.a].
2019-05-07 01:39:39.908+0000 INFO [o.n.u.i.b.ImportLogic] Import completed successfully, took 2s 52ms. Imported:
  8 nodes
  9 relationships
  20 properties
